2020-05-10 17:15:10,830  INFO [main] LoginPageStepDefinition:24 - ************************Initializing Browser and opening Regression Manager Login Page********************************
2020-05-10 17:15:19,251  INFO [main] LoginPageStepDefinition:32 - ************************Entering details in Regression Manager Login Page********************************
2020-05-10 17:15:19,590  INFO [main] LoginPageStepDefinition:40 - ************************Authenticates and user enter Regression Manager Home Page********************************
2020-05-10 17:16:09,944  INFO [main] LoginPageStepDefinition:51 - ************************Close the Browser********************************
2020-05-10 17:16:22,153  INFO [main] LoginPageStepDefinition:24 - ************************Initializing Browser and opening Regression Manager Login Page********************************
2020-05-10 17:16:29,488  INFO [main] LoginPageStepDefinition:32 - ************************Entering details in Regression Manager Login Page********************************
2020-05-10 17:16:29,846  INFO [main] LoginPageStepDefinition:40 - ************************Authenticates and user enter Regression Manager Home Page********************************
2020-05-10 17:17:21,361  INFO [main] LoginPageStepDefinition:51 - ************************Close the Browser********************************
2020-05-10 17:17:33,412  INFO [main] HomePageStepDefinition:23 - ************************Initializing Browser and opening Regression Manager Login Page********************************
2020-05-10 17:17:40,490  INFO [main] HomePageStepDefinition:31 - ************************Login into Regression Manager********************************
2020-05-10 17:18:31,937  INFO [main] HomePageStepDefinition:40 - ************************User selects Suites Manager********************************
2020-05-10 17:18:42,371  INFO [main] HomePageStepDefinition:53 - ************************Close the Browser********************************
2020-05-10 17:18:49,574  INFO [main] AddMRLToSuiteStepDefinition:25 - ************************Initializing Browser and opening Regression Manager Login Page********************************
2020-05-10 17:18:57,323  INFO [main] AddMRLToSuiteStepDefinition:33 - ************************Login into Regression Manager********************************
2020-05-10 17:18:57,323  INFO [main] AddMRLToSuiteStepDefinition:34 - ************************User selects Suites Manager********************************
2020-05-10 17:19:59,180  INFO [main] AddMRLToSuiteStepDefinition:43 - ************************User expand VINODDUDDUKURI right tree node********************************
2020-05-10 17:20:04,344  INFO [main] AddMRLToSuiteStepDefinition:51 - ************************User expand VINODDUDDUKURI left tree node********************************
2020-05-10 17:20:06,536  INFO [main] AddMRLToSuiteStepDefinition:59 - ************************User add pdf_embed mrl from VINODDUDDUKURI left tree node to testMRL suite in VINODDUDDUKURI right tree********************************
2020-05-10 17:20:15,563  INFO [main] AddMRLToSuiteStepDefinition:71 - ************************Close the Browser********************************
2020-05-10 17:20:30,141  INFO [main] RemoveMRLFromSuiteStepDefinition:30 - ************************Login into Regression Manager********************************
2020-05-10 17:20:30,143  INFO [main] RemoveMRLFromSuiteStepDefinition:31 - ************************User selects Suites Manager********************************
2020-05-10 17:20:30,143  INFO [main] RemoveMRLFromSuiteStepDefinition:32 - ************************Expand VINODDUDDUKURI right tree node********************************
2020-05-10 17:21:37,066  INFO [main] RemoveMRLFromSuiteStepDefinition:43 - ************************Expand testMrl suite under VINODDUDDUKURI right tree node********************************
2020-05-10 17:21:42,246  INFO [main] RemoveMRLFromSuiteStepDefinition:49 - ************************Remove pdf_embed mrl from testMrl suite available in VINODDUDDUKURI right tree ********************************
2020-05-10 17:21:47,662  INFO [main] RemoveMRLFromSuiteStepDefinition:61 - ************************Close the Browser********************************
2020-05-10 17:21:54,821 DEBUG [main] cache:45 - Couldn't find template in cache for "index.ftl"("en", UTF-8, parsed); will try to load it.
2020-05-10 17:21:54,823 DEBUG [main] cache:45 - TemplateLoader.findTemplateSource("index_en.ftl"): Not found
2020-05-10 17:21:54,827 DEBUG [main] cache:45 - TemplateLoader.findTemplateSource("index.ftl"): Found
2020-05-10 17:21:54,827 DEBUG [main] cache:45 - Loading template for "index.ftl"("en", UTF-8, parsed) from "jar:file:/C:/Users/VDUDDUKU/.m2/repository/com/aventstack/extentreports/3.1.2/extentreports-3.1.2.jar!/com/aventstack/extentreports/view/html-report/index.ftl"
2020-05-10 17:21:55,109 DEBUG [main] cache:45 - Couldn't find template in cache for "head.ftl"("en", UTF-8, parsed); will try to load it.
2020-05-10 17:21:55,111 DEBUG [main] cache:45 - TemplateLoader.findTemplateSource("head_en.ftl"): Not found
2020-05-10 17:21:55,113 DEBUG [main] cache:45 - TemplateLoader.findTemplateSource("head.ftl"): Found
2020-05-10 17:21:55,114 DEBUG [main] cache:45 - Loading template for "head.ftl"("en", UTF-8, parsed) from "jar:file:/C:/Users/VDUDDUKU/.m2/repository/com/aventstack/extentreports/3.1.2/extentreports-3.1.2.jar!/com/aventstack/extentreports/view/html-report/head.ftl"
2020-05-10 17:21:55,135 DEBUG [main] cache:45 - Couldn't find template in cache for "nav.ftl"("en", UTF-8, parsed); will try to load it.
2020-05-10 17:21:55,136 DEBUG [main] cache:45 - TemplateLoader.findTemplateSource("nav_en.ftl"): Not found
2020-05-10 17:21:55,138 DEBUG [main] cache:45 - TemplateLoader.findTemplateSource("nav.ftl"): Found
2020-05-10 17:21:55,139 DEBUG [main] cache:45 - Loading template for "nav.ftl"("en", UTF-8, parsed) from "jar:file:/C:/Users/VDUDDUKU/.m2/repository/com/aventstack/extentreports/3.1.2/extentreports-3.1.2.jar!/com/aventstack/extentreports/view/html-report/nav.ftl"
2020-05-10 17:21:55,151 DEBUG [main] cache:45 - Couldn't find template in cache for "test-view/test-view.ftl"("en", UTF-8, parsed); will try to load it.
2020-05-10 17:21:55,153 DEBUG [main] cache:45 - TemplateLoader.findTemplateSource("test-view/test-view_en.ftl"): Not found
2020-05-10 17:21:55,155 DEBUG [main] cache:45 - TemplateLoader.findTemplateSource("test-view/test-view.ftl"): Found
2020-05-10 17:21:55,157 DEBUG [main] cache:45 - Loading template for "test-view/test-view.ftl"("en", UTF-8, parsed) from "jar:file:/C:/Users/VDUDDUKU/.m2/repository/com/aventstack/extentreports/3.1.2/extentreports-3.1.2.jar!/com/aventstack/extentreports/view/html-report/test-view/test-view.ftl"
2020-05-10 17:21:55,187 DEBUG [main] cache:45 - Couldn't find template in cache for "test-view/test-view-charts.ftl"("en", UTF-8, parsed); will try to load it.
2020-05-10 17:21:55,191 DEBUG [main] cache:45 - TemplateLoader.findTemplateSource("test-view/test-view-charts_en.ftl"): Not found
2020-05-10 17:21:55,193 DEBUG [main] cache:45 - TemplateLoader.findTemplateSource("test-view/test-view-charts.ftl"): Found
2020-05-10 17:21:55,195 DEBUG [main] cache:45 - Loading template for "test-view/test-view-charts.ftl"("en", UTF-8, parsed) from "jar:file:/C:/Users/VDUDDUKU/.m2/repository/com/aventstack/extentreports/3.1.2/extentreports-3.1.2.jar!/com/aventstack/extentreports/view/html-report/test-view/test-view-charts.ftl"
2020-05-10 17:21:55,208 DEBUG [main] cache:45 - Couldn't find template in cache for "test-view/bdd.ftl"("en", UTF-8, parsed); will try to load it.
2020-05-10 17:21:55,210 DEBUG [main] cache:45 - TemplateLoader.findTemplateSource("test-view/bdd_en.ftl"): Not found
2020-05-10 17:21:55,212 DEBUG [main] cache:45 - TemplateLoader.findTemplateSource("test-view/bdd.ftl"): Found
2020-05-10 17:21:55,231 DEBUG [main] cache:45 - Loading template for "test-view/bdd.ftl"("en", UTF-8, parsed) from "jar:file:/C:/Users/VDUDDUKU/.m2/repository/com/aventstack/extentreports/3.1.2/extentreports-3.1.2.jar!/com/aventstack/extentreports/view/html-report/test-view/bdd.ftl"
2020-05-10 17:21:55,265 DEBUG [main] cache:45 - "test-view/bdd.ftl"("en", UTF-8, parsed) cached copy not yet stale; using cached.
2020-05-10 17:21:55,301 DEBUG [main] cache:45 - Couldn't find template in cache for "category-view/category-view.ftl"("en", UTF-8, parsed); will try to load it.
2020-05-10 17:21:55,304 DEBUG [main] cache:45 - TemplateLoader.findTemplateSource("category-view/category-view_en.ftl"): Not found
2020-05-10 17:21:55,305 DEBUG [main] cache:45 - TemplateLoader.findTemplateSource("category-view/category-view.ftl"): Found
2020-05-10 17:21:55,306 DEBUG [main] cache:45 - Loading template for "category-view/category-view.ftl"("en", UTF-8, parsed) from "jar:file:/C:/Users/VDUDDUKU/.m2/repository/com/aventstack/extentreports/3.1.2/extentreports-3.1.2.jar!/com/aventstack/extentreports/view/html-report/category-view/category-view.ftl"
2020-05-10 17:21:55,318 DEBUG [main] cache:45 - Couldn't find template in cache for "author-view/author-view.ftl"("en", UTF-8, parsed); will try to load it.
2020-05-10 17:21:55,331 DEBUG [main] cache:45 - TemplateLoader.findTemplateSource("author-view/author-view_en.ftl"): Not found
2020-05-10 17:21:55,341 DEBUG [main] cache:45 - TemplateLoader.findTemplateSource("author-view/author-view.ftl"): Found
2020-05-10 17:21:55,346 DEBUG [main] cache:45 - Loading template for "author-view/author-view.ftl"("en", UTF-8, parsed) from "jar:file:/C:/Users/VDUDDUKU/.m2/repository/com/aventstack/extentreports/3.1.2/extentreports-3.1.2.jar!/com/aventstack/extentreports/view/html-report/author-view/author-view.ftl"
2020-05-10 17:21:55,364 DEBUG [main] cache:45 - Couldn't find template in cache for "exception-view/exception-view.ftl"("en", UTF-8, parsed); will try to load it.
2020-05-10 17:21:55,365 DEBUG [main] cache:45 - TemplateLoader.findTemplateSource("exception-view/exception-view_en.ftl"): Not found
2020-05-10 17:21:55,366 DEBUG [main] cache:45 - TemplateLoader.findTemplateSource("exception-view/exception-view.ftl"): Found
2020-05-10 17:21:55,366 DEBUG [main] cache:45 - Loading template for "exception-view/exception-view.ftl"("en", UTF-8, parsed) from "jar:file:/C:/Users/VDUDDUKU/.m2/repository/com/aventstack/extentreports/3.1.2/extentreports-3.1.2.jar!/com/aventstack/extentreports/view/html-report/exception-view/exception-view.ftl"
2020-05-10 17:21:55,378 DEBUG [main] cache:45 - Couldn't find template in cache for "dashboard-view/dashboard-view.ftl"("en", UTF-8, parsed); will try to load it.
2020-05-10 17:21:55,379 DEBUG [main] cache:45 - TemplateLoader.findTemplateSource("dashboard-view/dashboard-view_en.ftl"): Not found
2020-05-10 17:21:55,381 DEBUG [main] cache:45 - TemplateLoader.findTemplateSource("dashboard-view/dashboard-view.ftl"): Found
2020-05-10 17:21:55,382 DEBUG [main] cache:45 - Loading template for "dashboard-view/dashboard-view.ftl"("en", UTF-8, parsed) from "jar:file:/C:/Users/VDUDDUKU/.m2/repository/com/aventstack/extentreports/3.1.2/extentreports-3.1.2.jar!/com/aventstack/extentreports/view/html-report/dashboard-view/dashboard-view.ftl"
2020-05-10 17:21:55,397 DEBUG [main] cache:45 - Couldn't find template in cache for "logs-view/testrunner-logs-view.ftl"("en", UTF-8, parsed); will try to load it.
2020-05-10 17:21:55,399 DEBUG [main] cache:45 - TemplateLoader.findTemplateSource("logs-view/testrunner-logs-view_en.ftl"): Not found
2020-05-10 17:21:55,400 DEBUG [main] cache:45 - TemplateLoader.findTemplateSource("logs-view/testrunner-logs-view.ftl"): Found
2020-05-10 17:21:55,402 DEBUG [main] cache:45 - Loading template for "logs-view/testrunner-logs-view.ftl"("en", UTF-8, parsed) from "jar:file:/C:/Users/VDUDDUKU/.m2/repository/com/aventstack/extentreports/3.1.2/extentreports-3.1.2.jar!/com/aventstack/extentreports/view/html-report/logs-view/testrunner-logs-view.ftl"
2020-08-12 16:44:40,627  INFO [main] LoginPageStepDefinition:24 - ************************Initializing Browser and opening Regression Manager Login Page********************************
2020-08-12 16:44:44,348  INFO [main] TestBase:63 - Regression Manager Loginis Failes
2020-08-12 16:44:44,376  INFO [main] TestBase:63 - Regression Manager Loginis Failes
2020-08-12 16:44:44,388  INFO [main] TestBase:63 - Regression Manager Loginis Failes
2020-08-12 16:44:44,397  INFO [main] TestBase:63 - Regression Manager Loginis Failes
2020-08-12 16:44:44,456  INFO [main] LoginPageStepDefinition:24 - ************************Initializing Browser and opening Regression Manager Login Page********************************
2020-08-12 16:44:46,145  INFO [main] TestBase:63 - Regression Manager Loginis Failes
2020-08-12 16:44:46,153  INFO [main] TestBase:63 - Regression Manager Loginis Failes
2020-08-12 16:44:46,160  INFO [main] TestBase:63 - Regression Manager Loginis Failes
2020-08-12 16:44:46,167  INFO [main] TestBase:63 - Regression Manager Loginis Failes
2020-08-12 16:44:46,187  INFO [main] HomePageStepDefinition:23 - ************************Initializing Browser and opening Regression Manager Login Page********************************
2020-08-12 16:44:48,121  INFO [main] TestBase:63 - Regression Manager Home Pageis Failes
2020-08-12 16:44:48,123  INFO [main] TestBase:63 - Regression Manager Home Pageis Failes
2020-08-12 16:44:48,128  INFO [main] TestBase:63 - Regression Manager Home Pageis Failes
2020-08-12 16:44:48,133  INFO [main] TestBase:63 - Regression Manager Home Pageis Failes
2020-08-12 16:44:48,152  INFO [main] AddMRLToSuiteStepDefinition:25 - ************************Initializing Browser and opening Regression Manager Login Page********************************
2020-08-12 16:44:50,026  INFO [main] TestBase:63 - Regression Manager Addis Failes
2020-08-12 16:44:50,032  INFO [main] TestBase:63 - Regression Manager Addis Failes
2020-08-12 16:44:50,034  INFO [main] TestBase:63 - Regression Manager Addis Failes
2020-08-12 16:44:50,041  INFO [main] TestBase:63 - Regression Manager Addis Failes
2020-08-12 16:44:52,079  INFO [main] TestBase:63 - Regression Manager Removeis Failes
2020-08-12 16:44:52,087  INFO [main] TestBase:63 - Regression Manager Removeis Failes
2020-08-12 16:44:52,093  INFO [main] TestBase:63 - Regression Manager Removeis Failes
2020-08-12 16:44:52,095  INFO [main] TestBase:63 - Regression Manager Removeis Failes
2020-08-12 16:44:52,211 DEBUG [main] cache:45 - Couldn't find template in cache for "index.ftl"("en", UTF-8, parsed); will try to load it.
2020-08-12 16:44:52,213 DEBUG [main] cache:45 - TemplateLoader.findTemplateSource("index_en.ftl"): Not found
2020-08-12 16:44:52,218 DEBUG [main] cache:45 - TemplateLoader.findTemplateSource("index.ftl"): Found
2020-08-12 16:44:52,218 DEBUG [main] cache:45 - Loading template for "index.ftl"("en", UTF-8, parsed) from "jar:file:/C:/Users/VDUDDUKU/.m2/repository/com/aventstack/extentreports/3.1.2/extentreports-3.1.2.jar!/com/aventstack/extentreports/view/html-report/index.ftl"
2020-08-12 16:44:52,606 DEBUG [main] cache:45 - Couldn't find template in cache for "head.ftl"("en", UTF-8, parsed); will try to load it.
2020-08-12 16:44:52,608 DEBUG [main] cache:45 - TemplateLoader.findTemplateSource("head_en.ftl"): Not found
2020-08-12 16:44:52,609 DEBUG [main] cache:45 - TemplateLoader.findTemplateSource("head.ftl"): Found
2020-08-12 16:44:52,609 DEBUG [main] cache:45 - Loading template for "head.ftl"("en", UTF-8, parsed) from "jar:file:/C:/Users/VDUDDUKU/.m2/repository/com/aventstack/extentreports/3.1.2/extentreports-3.1.2.jar!/com/aventstack/extentreports/view/html-report/head.ftl"
2020-08-12 16:44:52,694 DEBUG [main] cache:45 - Couldn't find template in cache for "nav.ftl"("en", UTF-8, parsed); will try to load it.
2020-08-12 16:44:52,695 DEBUG [main] cache:45 - TemplateLoader.findTemplateSource("nav_en.ftl"): Not found
2020-08-12 16:44:52,697 DEBUG [main] cache:45 - TemplateLoader.findTemplateSource("nav.ftl"): Found
2020-08-12 16:44:52,697 DEBUG [main] cache:45 - Loading template for "nav.ftl"("en", UTF-8, parsed) from "jar:file:/C:/Users/VDUDDUKU/.m2/repository/com/aventstack/extentreports/3.1.2/extentreports-3.1.2.jar!/com/aventstack/extentreports/view/html-report/nav.ftl"
2020-08-12 16:44:52,710 DEBUG [main] cache:45 - Couldn't find template in cache for "test-view/test-view.ftl"("en", UTF-8, parsed); will try to load it.
2020-08-12 16:44:52,711 DEBUG [main] cache:45 - TemplateLoader.findTemplateSource("test-view/test-view_en.ftl"): Not found
2020-08-12 16:44:52,713 DEBUG [main] cache:45 - TemplateLoader.findTemplateSource("test-view/test-view.ftl"): Found
2020-08-12 16:44:52,713 DEBUG [main] cache:45 - Loading template for "test-view/test-view.ftl"("en", UTF-8, parsed) from "jar:file:/C:/Users/VDUDDUKU/.m2/repository/com/aventstack/extentreports/3.1.2/extentreports-3.1.2.jar!/com/aventstack/extentreports/view/html-report/test-view/test-view.ftl"
2020-08-12 16:44:52,738 DEBUG [main] cache:45 - Couldn't find template in cache for "test-view/test-view-charts.ftl"("en", UTF-8, parsed); will try to load it.
2020-08-12 16:44:52,744 DEBUG [main] cache:45 - TemplateLoader.findTemplateSource("test-view/test-view-charts_en.ftl"): Not found
2020-08-12 16:44:52,754 DEBUG [main] cache:45 - TemplateLoader.findTemplateSource("test-view/test-view-charts.ftl"): Found
2020-08-12 16:44:52,755 DEBUG [main] cache:45 - Loading template for "test-view/test-view-charts.ftl"("en", UTF-8, parsed) from "jar:file:/C:/Users/VDUDDUKU/.m2/repository/com/aventstack/extentreports/3.1.2/extentreports-3.1.2.jar!/com/aventstack/extentreports/view/html-report/test-view/test-view-charts.ftl"
2020-08-12 16:44:52,774 DEBUG [main] cache:45 - Couldn't find template in cache for "test-view/bdd.ftl"("en", UTF-8, parsed); will try to load it.
2020-08-12 16:44:52,776 DEBUG [main] cache:45 - TemplateLoader.findTemplateSource("test-view/bdd_en.ftl"): Not found
2020-08-12 16:44:52,777 DEBUG [main] cache:45 - TemplateLoader.findTemplateSource("test-view/bdd.ftl"): Found
2020-08-12 16:44:52,778 DEBUG [main] cache:45 - Loading template for "test-view/bdd.ftl"("en", UTF-8, parsed) from "jar:file:/C:/Users/VDUDDUKU/.m2/repository/com/aventstack/extentreports/3.1.2/extentreports-3.1.2.jar!/com/aventstack/extentreports/view/html-report/test-view/bdd.ftl"
2020-08-12 16:44:52,836 DEBUG [main] cache:45 - "test-view/bdd.ftl"("en", UTF-8, parsed) cached copy not yet stale; using cached.
2020-08-12 16:44:52,847 DEBUG [main] cache:45 - Couldn't find template in cache for "category-view/category-view.ftl"("en", UTF-8, parsed); will try to load it.
2020-08-12 16:44:52,848 DEBUG [main] cache:45 - TemplateLoader.findTemplateSource("category-view/category-view_en.ftl"): Not found
2020-08-12 16:44:52,849 DEBUG [main] cache:45 - TemplateLoader.findTemplateSource("category-view/category-view.ftl"): Found
2020-08-12 16:44:52,849 DEBUG [main] cache:45 - Loading template for "category-view/category-view.ftl"("en", UTF-8, parsed) from "jar:file:/C:/Users/VDUDDUKU/.m2/repository/com/aventstack/extentreports/3.1.2/extentreports-3.1.2.jar!/com/aventstack/extentreports/view/html-report/category-view/category-view.ftl"
2020-08-12 16:44:52,856 DEBUG [main] cache:45 - Couldn't find template in cache for "author-view/author-view.ftl"("en", UTF-8, parsed); will try to load it.
2020-08-12 16:44:52,857 DEBUG [main] cache:45 - TemplateLoader.findTemplateSource("author-view/author-view_en.ftl"): Not found
2020-08-12 16:44:52,857 DEBUG [main] cache:45 - TemplateLoader.findTemplateSource("author-view/author-view.ftl"): Found
2020-08-12 16:44:52,858 DEBUG [main] cache:45 - Loading template for "author-view/author-view.ftl"("en", UTF-8, parsed) from "jar:file:/C:/Users/VDUDDUKU/.m2/repository/com/aventstack/extentreports/3.1.2/extentreports-3.1.2.jar!/com/aventstack/extentreports/view/html-report/author-view/author-view.ftl"
2020-08-12 16:44:52,862 DEBUG [main] cache:45 - Couldn't find template in cache for "exception-view/exception-view.ftl"("en", UTF-8, parsed); will try to load it.
2020-08-12 16:44:52,863 DEBUG [main] cache:45 - TemplateLoader.findTemplateSource("exception-view/exception-view_en.ftl"): Not found
2020-08-12 16:44:52,863 DEBUG [main] cache:45 - TemplateLoader.findTemplateSource("exception-view/exception-view.ftl"): Found
2020-08-12 16:44:52,864 DEBUG [main] cache:45 - Loading template for "exception-view/exception-view.ftl"("en", UTF-8, parsed) from "jar:file:/C:/Users/VDUDDUKU/.m2/repository/com/aventstack/extentreports/3.1.2/extentreports-3.1.2.jar!/com/aventstack/extentreports/view/html-report/exception-view/exception-view.ftl"
2020-08-12 16:44:52,877 DEBUG [main] cache:45 - Couldn't find template in cache for "dashboard-view/dashboard-view.ftl"("en", UTF-8, parsed); will try to load it.
2020-08-12 16:44:52,878 DEBUG [main] cache:45 - TemplateLoader.findTemplateSource("dashboard-view/dashboard-view_en.ftl"): Not found
2020-08-12 16:44:52,879 DEBUG [main] cache:45 - TemplateLoader.findTemplateSource("dashboard-view/dashboard-view.ftl"): Found
2020-08-12 16:44:52,880 DEBUG [main] cache:45 - Loading template for "dashboard-view/dashboard-view.ftl"("en", UTF-8, parsed) from "jar:file:/C:/Users/VDUDDUKU/.m2/repository/com/aventstack/extentreports/3.1.2/extentreports-3.1.2.jar!/com/aventstack/extentreports/view/html-report/dashboard-view/dashboard-view.ftl"
2020-08-12 16:44:52,888 DEBUG [main] cache:45 - Couldn't find template in cache for "logs-view/testrunner-logs-view.ftl"("en", UTF-8, parsed); will try to load it.
2020-08-12 16:44:52,889 DEBUG [main] cache:45 - TemplateLoader.findTemplateSource("logs-view/testrunner-logs-view_en.ftl"): Not found
2020-08-12 16:44:52,890 DEBUG [main] cache:45 - TemplateLoader.findTemplateSource("logs-view/testrunner-logs-view.ftl"): Found
2020-08-12 16:44:52,891 DEBUG [main] cache:45 - Loading template for "logs-view/testrunner-logs-view.ftl"("en", UTF-8, parsed) from "jar:file:/C:/Users/VDUDDUKU/.m2/repository/com/aventstack/extentreports/3.1.2/extentreports-3.1.2.jar!/com/aventstack/extentreports/view/html-report/logs-view/testrunner-logs-view.ftl"
2020-08-12 16:45:45,480  INFO [main] LoginPageStepDefinition:24 - ************************Initializing Browser and opening Regression Manager Login Page********************************
2020-08-12 16:45:48,599  INFO [main] TestBase:63 - Regression Manager Loginis Failes
2020-08-12 16:45:48,618  INFO [main] TestBase:63 - Regression Manager Loginis Failes
2020-08-12 16:45:48,629  INFO [main] TestBase:63 - Regression Manager Loginis Failes
2020-08-12 16:45:48,633  INFO [main] TestBase:63 - Regression Manager Loginis Failes
2020-08-12 16:45:48,808  INFO [main] LoginPageStepDefinition:24 - ************************Initializing Browser and opening Regression Manager Login Page********************************
2020-08-12 16:45:51,114  INFO [main] TestBase:63 - Regression Manager Loginis Failes
2020-08-12 16:45:51,124  INFO [main] TestBase:63 - Regression Manager Loginis Failes
2020-08-12 16:45:51,134  INFO [main] TestBase:63 - Regression Manager Loginis Failes
2020-08-12 16:45:51,138  INFO [main] TestBase:63 - Regression Manager Loginis Failes
2020-08-12 16:45:51,154  INFO [main] HomePageStepDefinition:23 - ************************Initializing Browser and opening Regression Manager Login Page********************************
2020-08-12 16:45:53,556  INFO [main] TestBase:63 - Regression Manager Home Pageis Failes
2020-08-12 16:45:53,562  INFO [main] TestBase:63 - Regression Manager Home Pageis Failes
2020-08-12 16:45:53,568  INFO [main] TestBase:63 - Regression Manager Home Pageis Failes
2020-08-12 16:45:53,574  INFO [main] TestBase:63 - Regression Manager Home Pageis Failes
2020-08-12 16:45:53,594  INFO [main] AddMRLToSuiteStepDefinition:25 - ************************Initializing Browser and opening Regression Manager Login Page********************************
2020-08-12 16:45:55,640  INFO [main] TestBase:63 - Regression Manager Addis Failes
2020-08-12 16:45:55,643  INFO [main] TestBase:63 - Regression Manager Addis Failes
2020-08-12 16:45:55,660  INFO [main] TestBase:63 - Regression Manager Addis Failes
2020-08-12 16:45:55,670  INFO [main] TestBase:63 - Regression Manager Addis Failes
2020-08-12 16:45:57,921  INFO [main] TestBase:63 - Regression Manager Removeis Failes
2020-08-12 16:45:57,927  INFO [main] TestBase:63 - Regression Manager Removeis Failes
2020-08-12 16:45:57,928  INFO [main] TestBase:63 - Regression Manager Removeis Failes
2020-08-12 16:45:57,933  INFO [main] TestBase:63 - Regression Manager Removeis Failes
2020-08-12 16:45:58,029 DEBUG [main] cache:45 - Couldn't find template in cache for "index.ftl"("en", UTF-8, parsed); will try to load it.
2020-08-12 16:45:58,033 DEBUG [main] cache:45 - TemplateLoader.findTemplateSource("index_en.ftl"): Not found
2020-08-12 16:45:58,038 DEBUG [main] cache:45 - TemplateLoader.findTemplateSource("index.ftl"): Found
2020-08-12 16:45:58,039 DEBUG [main] cache:45 - Loading template for "index.ftl"("en", UTF-8, parsed) from "jar:file:/C:/Users/VDUDDUKU/.m2/repository/com/aventstack/extentreports/3.1.2/extentreports-3.1.2.jar!/com/aventstack/extentreports/view/html-report/index.ftl"
2020-08-12 16:45:58,601 DEBUG [main] cache:45 - Couldn't find template in cache for "head.ftl"("en", UTF-8, parsed); will try to load it.
2020-08-12 16:45:58,602 DEBUG [main] cache:45 - TemplateLoader.findTemplateSource("head_en.ftl"): Not found
2020-08-12 16:45:58,610 DEBUG [main] cache:45 - TemplateLoader.findTemplateSource("head.ftl"): Found
2020-08-12 16:45:58,610 DEBUG [main] cache:45 - Loading template for "head.ftl"("en", UTF-8, parsed) from "jar:file:/C:/Users/VDUDDUKU/.m2/repository/com/aventstack/extentreports/3.1.2/extentreports-3.1.2.jar!/com/aventstack/extentreports/view/html-report/head.ftl"
2020-08-12 16:45:58,633 DEBUG [main] cache:45 - Couldn't find template in cache for "nav.ftl"("en", UTF-8, parsed); will try to load it.
2020-08-12 16:45:58,634 DEBUG [main] cache:45 - TemplateLoader.findTemplateSource("nav_en.ftl"): Not found
2020-08-12 16:45:58,635 DEBUG [main] cache:45 - TemplateLoader.findTemplateSource("nav.ftl"): Found
2020-08-12 16:45:58,636 DEBUG [main] cache:45 - Loading template for "nav.ftl"("en", UTF-8, parsed) from "jar:file:/C:/Users/VDUDDUKU/.m2/repository/com/aventstack/extentreports/3.1.2/extentreports-3.1.2.jar!/com/aventstack/extentreports/view/html-report/nav.ftl"
2020-08-12 16:45:58,645 DEBUG [main] cache:45 - Couldn't find template in cache for "test-view/test-view.ftl"("en", UTF-8, parsed); will try to load it.
2020-08-12 16:45:58,654 DEBUG [main] cache:45 - TemplateLoader.findTemplateSource("test-view/test-view_en.ftl"): Not found
2020-08-12 16:45:58,655 DEBUG [main] cache:45 - TemplateLoader.findTemplateSource("test-view/test-view.ftl"): Found
2020-08-12 16:45:58,656 DEBUG [main] cache:45 - Loading template for "test-view/test-view.ftl"("en", UTF-8, parsed) from "jar:file:/C:/Users/VDUDDUKU/.m2/repository/com/aventstack/extentreports/3.1.2/extentreports-3.1.2.jar!/com/aventstack/extentreports/view/html-report/test-view/test-view.ftl"
2020-08-12 16:45:58,675 DEBUG [main] cache:45 - Couldn't find template in cache for "test-view/test-view-charts.ftl"("en", UTF-8, parsed); will try to load it.
2020-08-12 16:45:58,676 DEBUG [main] cache:45 - TemplateLoader.findTemplateSource("test-view/test-view-charts_en.ftl"): Not found
2020-08-12 16:45:58,677 DEBUG [main] cache:45 - TemplateLoader.findTemplateSource("test-view/test-view-charts.ftl"): Found
2020-08-12 16:45:58,677 DEBUG [main] cache:45 - Loading template for "test-view/test-view-charts.ftl"("en", UTF-8, parsed) from "jar:file:/C:/Users/VDUDDUKU/.m2/repository/com/aventstack/extentreports/3.1.2/extentreports-3.1.2.jar!/com/aventstack/extentreports/view/html-report/test-view/test-view-charts.ftl"
2020-08-12 16:45:58,688 DEBUG [main] cache:45 - Couldn't find template in cache for "test-view/bdd.ftl"("en", UTF-8, parsed); will try to load it.
2020-08-12 16:45:58,690 DEBUG [main] cache:45 - TemplateLoader.findTemplateSource("test-view/bdd_en.ftl"): Not found
2020-08-12 16:45:58,691 DEBUG [main] cache:45 - TemplateLoader.findTemplateSource("test-view/bdd.ftl"): Found
2020-08-12 16:45:58,692 DEBUG [main] cache:45 - Loading template for "test-view/bdd.ftl"("en", UTF-8, parsed) from "jar:file:/C:/Users/VDUDDUKU/.m2/repository/com/aventstack/extentreports/3.1.2/extentreports-3.1.2.jar!/com/aventstack/extentreports/view/html-report/test-view/bdd.ftl"
2020-08-12 16:45:58,720 DEBUG [main] cache:45 - "test-view/bdd.ftl"("en", UTF-8, parsed) cached copy not yet stale; using cached.
2020-08-12 16:45:58,760 DEBUG [main] cache:45 - Couldn't find template in cache for "category-view/category-view.ftl"("en", UTF-8, parsed); will try to load it.
2020-08-12 16:45:58,762 DEBUG [main] cache:45 - TemplateLoader.findTemplateSource("category-view/category-view_en.ftl"): Not found
2020-08-12 16:45:58,763 DEBUG [main] cache:45 - TemplateLoader.findTemplateSource("category-view/category-view.ftl"): Found
2020-08-12 16:45:58,764 DEBUG [main] cache:45 - Loading template for "category-view/category-view.ftl"("en", UTF-8, parsed) from "jar:file:/C:/Users/VDUDDUKU/.m2/repository/com/aventstack/extentreports/3.1.2/extentreports-3.1.2.jar!/com/aventstack/extentreports/view/html-report/category-view/category-view.ftl"
2020-08-12 16:45:58,772 DEBUG [main] cache:45 - Couldn't find template in cache for "author-view/author-view.ftl"("en", UTF-8, parsed); will try to load it.
2020-08-12 16:45:58,773 DEBUG [main] cache:45 - TemplateLoader.findTemplateSource("author-view/author-view_en.ftl"): Not found
2020-08-12 16:45:58,774 DEBUG [main] cache:45 - TemplateLoader.findTemplateSource("author-view/author-view.ftl"): Found
2020-08-12 16:45:58,775 DEBUG [main] cache:45 - Loading template for "author-view/author-view.ftl"("en", UTF-8, parsed) from "jar:file:/C:/Users/VDUDDUKU/.m2/repository/com/aventstack/extentreports/3.1.2/extentreports-3.1.2.jar!/com/aventstack/extentreports/view/html-report/author-view/author-view.ftl"
2020-08-12 16:45:58,780 DEBUG [main] cache:45 - Couldn't find template in cache for "exception-view/exception-view.ftl"("en", UTF-8, parsed); will try to load it.
2020-08-12 16:45:58,781 DEBUG [main] cache:45 - TemplateLoader.findTemplateSource("exception-view/exception-view_en.ftl"): Not found
2020-08-12 16:45:58,782 DEBUG [main] cache:45 - TemplateLoader.findTemplateSource("exception-view/exception-view.ftl"): Found
2020-08-12 16:45:58,783 DEBUG [main] cache:45 - Loading template for "exception-view/exception-view.ftl"("en", UTF-8, parsed) from "jar:file:/C:/Users/VDUDDUKU/.m2/repository/com/aventstack/extentreports/3.1.2/extentreports-3.1.2.jar!/com/aventstack/extentreports/view/html-report/exception-view/exception-view.ftl"
2020-08-12 16:45:58,814 DEBUG [main] cache:45 - Couldn't find template in cache for "dashboard-view/dashboard-view.ftl"("en", UTF-8, parsed); will try to load it.
2020-08-12 16:45:58,815 DEBUG [main] cache:45 - TemplateLoader.findTemplateSource("dashboard-view/dashboard-view_en.ftl"): Not found
2020-08-12 16:45:58,816 DEBUG [main] cache:45 - TemplateLoader.findTemplateSource("dashboard-view/dashboard-view.ftl"): Found
2020-08-12 16:45:58,817 DEBUG [main] cache:45 - Loading template for "dashboard-view/dashboard-view.ftl"("en", UTF-8, parsed) from "jar:file:/C:/Users/VDUDDUKU/.m2/repository/com/aventstack/extentreports/3.1.2/extentreports-3.1.2.jar!/com/aventstack/extentreports/view/html-report/dashboard-view/dashboard-view.ftl"
2020-08-12 16:45:58,829 DEBUG [main] cache:45 - Couldn't find template in cache for "logs-view/testrunner-logs-view.ftl"("en", UTF-8, parsed); will try to load it.
2020-08-12 16:45:58,830 DEBUG [main] cache:45 - TemplateLoader.findTemplateSource("logs-view/testrunner-logs-view_en.ftl"): Not found
2020-08-12 16:45:58,831 DEBUG [main] cache:45 - TemplateLoader.findTemplateSource("logs-view/testrunner-logs-view.ftl"): Found
2020-08-12 16:45:58,835 DEBUG [main] cache:45 - Loading template for "logs-view/testrunner-logs-view.ftl"("en", UTF-8, parsed) from "jar:file:/C:/Users/VDUDDUKU/.m2/repository/com/aventstack/extentreports/3.1.2/extentreports-3.1.2.jar!/com/aventstack/extentreports/view/html-report/logs-view/testrunner-logs-view.ftl"
2020-08-12 16:51:51,688  INFO [main] LoginPageStepDefinition:24 - ************************Initializing Browser and opening Regression Manager Login Page********************************
2020-08-12 16:52:02,776  INFO [main] LoginPageStepDefinition:32 - ************************Entering details in Regression Manager Login Page********************************
2020-08-12 16:52:03,023  INFO [main] LoginPageStepDefinition:40 - ************************Authenticates and user enter Regression Manager Home Page********************************
2020-08-12 16:52:54,498  INFO [main] LoginPageStepDefinition:51 - ************************Close the Browser********************************
2020-08-12 16:53:07,120  INFO [main] LoginPageStepDefinition:24 - ************************Initializing Browser and opening Regression Manager Login Page********************************
2020-08-12 16:53:14,256  INFO [main] LoginPageStepDefinition:32 - ************************Entering details in Regression Manager Login Page********************************
2020-08-12 16:53:14,470  INFO [main] LoginPageStepDefinition:40 - ************************Authenticates and user enter Regression Manager Home Page********************************
2020-08-12 16:54:04,838  INFO [main] LoginPageStepDefinition:51 - ************************Close the Browser********************************
2020-08-12 16:54:16,776  INFO [main] HomePageStepDefinition:23 - ************************Initializing Browser and opening Regression Manager Login Page********************************
2020-08-12 16:54:23,874  INFO [main] HomePageStepDefinition:31 - ************************Login into Regression Manager********************************
2020-08-12 16:55:11,664  INFO [main] HomePageStepDefinition:40 - ************************User selects Suites Manager********************************
2020-08-12 16:55:22,233  INFO [main] HomePageStepDefinition:53 - ************************Close the Browser********************************
2020-08-12 16:55:29,385  INFO [main] AddMRLToSuiteStepDefinition:25 - ************************Initializing Browser and opening Regression Manager Login Page********************************
2020-08-12 16:55:36,433  INFO [main] AddMRLToSuiteStepDefinition:33 - ************************Login into Regression Manager********************************
2020-08-12 16:55:36,434  INFO [main] AddMRLToSuiteStepDefinition:34 - ************************User selects Suites Manager********************************
2020-08-12 16:56:35,831  INFO [main] AddMRLToSuiteStepDefinition:43 - ************************User expand VINODDUDDUKURI right tree node********************************
2020-08-12 16:56:41,077  INFO [main] AddMRLToSuiteStepDefinition:51 - ************************User expand VINODDUDDUKURI left tree node********************************
2020-08-12 16:56:43,243  INFO [main] AddMRLToSuiteStepDefinition:59 - ************************User add pdf_embed mrl from VINODDUDDUKURI left tree node to testMRL suite in VINODDUDDUKURI right tree********************************
2020-08-12 16:56:52,293  INFO [main] AddMRLToSuiteStepDefinition:71 - ************************Close the Browser********************************
2020-08-12 16:57:06,465  INFO [main] RemoveMRLFromSuiteStepDefinition:30 - ************************Login into Regression Manager********************************
2020-08-12 16:57:06,465  INFO [main] RemoveMRLFromSuiteStepDefinition:31 - ************************User selects Suites Manager********************************
2020-08-12 16:57:06,466  INFO [main] RemoveMRLFromSuiteStepDefinition:32 - ************************Expand VINODDUDDUKURI right tree node********************************
2020-08-12 16:58:09,274  INFO [main] RemoveMRLFromSuiteStepDefinition:43 - ************************Expand testMrl suite under VINODDUDDUKURI right tree node********************************
2020-08-12 16:58:14,466  INFO [main] RemoveMRLFromSuiteStepDefinition:49 - ************************Remove pdf_embed mrl from testMrl suite available in VINODDUDDUKURI right tree ********************************
2020-08-12 16:58:19,932  INFO [main] RemoveMRLFromSuiteStepDefinition:61 - ************************Close the Browser********************************
2020-08-12 16:58:26,903 DEBUG [main] cache:45 - Couldn't find template in cache for "index.ftl"("en", UTF-8, parsed); will try to load it.
2020-08-12 16:58:26,907 DEBUG [main] cache:45 - TemplateLoader.findTemplateSource("index_en.ftl"): Not found
2020-08-12 16:58:26,912 DEBUG [main] cache:45 - TemplateLoader.findTemplateSource("index.ftl"): Found
2020-08-12 16:58:26,913 DEBUG [main] cache:45 - Loading template for "index.ftl"("en", UTF-8, parsed) from "jar:file:/C:/Users/VDUDDUKU/.m2/repository/com/aventstack/extentreports/3.1.2/extentreports-3.1.2.jar!/com/aventstack/extentreports/view/html-report/index.ftl"
2020-08-12 16:58:27,206 DEBUG [main] cache:45 - Couldn't find template in cache for "head.ftl"("en", UTF-8, parsed); will try to load it.
2020-08-12 16:58:27,208 DEBUG [main] cache:45 - TemplateLoader.findTemplateSource("head_en.ftl"): Not found
2020-08-12 16:58:27,210 DEBUG [main] cache:45 - TemplateLoader.findTemplateSource("head.ftl"): Found
2020-08-12 16:58:27,211 DEBUG [main] cache:45 - Loading template for "head.ftl"("en", UTF-8, parsed) from "jar:file:/C:/Users/VDUDDUKU/.m2/repository/com/aventstack/extentreports/3.1.2/extentreports-3.1.2.jar!/com/aventstack/extentreports/view/html-report/head.ftl"
2020-08-12 16:58:27,247 DEBUG [main] cache:45 - Couldn't find template in cache for "nav.ftl"("en", UTF-8, parsed); will try to load it.
2020-08-12 16:58:27,248 DEBUG [main] cache:45 - TemplateLoader.findTemplateSource("nav_en.ftl"): Not found
2020-08-12 16:58:27,250 DEBUG [main] cache:45 - TemplateLoader.findTemplateSource("nav.ftl"): Found
2020-08-12 16:58:27,250 DEBUG [main] cache:45 - Loading template for "nav.ftl"("en", UTF-8, parsed) from "jar:file:/C:/Users/VDUDDUKU/.m2/repository/com/aventstack/extentreports/3.1.2/extentreports-3.1.2.jar!/com/aventstack/extentreports/view/html-report/nav.ftl"
2020-08-12 16:58:27,271 DEBUG [main] cache:45 - Couldn't find template in cache for "test-view/test-view.ftl"("en", UTF-8, parsed); will try to load it.
2020-08-12 16:58:27,275 DEBUG [main] cache:45 - TemplateLoader.findTemplateSource("test-view/test-view_en.ftl"): Not found
2020-08-12 16:58:27,279 DEBUG [main] cache:45 - TemplateLoader.findTemplateSource("test-view/test-view.ftl"): Found
2020-08-12 16:58:27,281 DEBUG [main] cache:45 - Loading template for "test-view/test-view.ftl"("en", UTF-8, parsed) from "jar:file:/C:/Users/VDUDDUKU/.m2/repository/com/aventstack/extentreports/3.1.2/extentreports-3.1.2.jar!/com/aventstack/extentreports/view/html-report/test-view/test-view.ftl"
2020-08-12 16:58:27,304 DEBUG [main] cache:45 - Couldn't find template in cache for "test-view/test-view-charts.ftl"("en", UTF-8, parsed); will try to load it.
2020-08-12 16:58:27,305 DEBUG [main] cache:45 - TemplateLoader.findTemplateSource("test-view/test-view-charts_en.ftl"): Not found
2020-08-12 16:58:27,307 DEBUG [main] cache:45 - TemplateLoader.findTemplateSource("test-view/test-view-charts.ftl"): Found
2020-08-12 16:58:27,307 DEBUG [main] cache:45 - Loading template for "test-view/test-view-charts.ftl"("en", UTF-8, parsed) from "jar:file:/C:/Users/VDUDDUKU/.m2/repository/com/aventstack/extentreports/3.1.2/extentreports-3.1.2.jar!/com/aventstack/extentreports/view/html-report/test-view/test-view-charts.ftl"
2020-08-12 16:58:27,325 DEBUG [main] cache:45 - Couldn't find template in cache for "test-view/bdd.ftl"("en", UTF-8, parsed); will try to load it.
2020-08-12 16:58:27,327 DEBUG [main] cache:45 - TemplateLoader.findTemplateSource("test-view/bdd_en.ftl"): Not found
2020-08-12 16:58:27,329 DEBUG [main] cache:45 - TemplateLoader.findTemplateSource("test-view/bdd.ftl"): Found
2020-08-12 16:58:27,331 DEBUG [main] cache:45 - Loading template for "test-view/bdd.ftl"("en", UTF-8, parsed) from "jar:file:/C:/Users/VDUDDUKU/.m2/repository/com/aventstack/extentreports/3.1.2/extentreports-3.1.2.jar!/com/aventstack/extentreports/view/html-report/test-view/bdd.ftl"
2020-08-12 16:58:27,386 DEBUG [main] cache:45 - "test-view/bdd.ftl"("en", UTF-8, parsed) cached copy not yet stale; using cached.
2020-08-12 16:58:27,399 DEBUG [main] cache:45 - Couldn't find template in cache for "category-view/category-view.ftl"("en", UTF-8, parsed); will try to load it.
2020-08-12 16:58:27,401 DEBUG [main] cache:45 - TemplateLoader.findTemplateSource("category-view/category-view_en.ftl"): Not found
2020-08-12 16:58:27,403 DEBUG [main] cache:45 - TemplateLoader.findTemplateSource("category-view/category-view.ftl"): Found
2020-08-12 16:58:27,404 DEBUG [main] cache:45 - Loading template for "category-view/category-view.ftl"("en", UTF-8, parsed) from "jar:file:/C:/Users/VDUDDUKU/.m2/repository/com/aventstack/extentreports/3.1.2/extentreports-3.1.2.jar!/com/aventstack/extentreports/view/html-report/category-view/category-view.ftl"
2020-08-12 16:58:27,416 DEBUG [main] cache:45 - Couldn't find template in cache for "author-view/author-view.ftl"("en", UTF-8, parsed); will try to load it.
2020-08-12 16:58:27,418 DEBUG [main] cache:45 - TemplateLoader.findTemplateSource("author-view/author-view_en.ftl"): Not found
2020-08-12 16:58:27,419 DEBUG [main] cache:45 - TemplateLoader.findTemplateSource("author-view/author-view.ftl"): Found
2020-08-12 16:58:27,420 DEBUG [main] cache:45 - Loading template for "author-view/author-view.ftl"("en", UTF-8, parsed) from "jar:file:/C:/Users/VDUDDUKU/.m2/repository/com/aventstack/extentreports/3.1.2/extentreports-3.1.2.jar!/com/aventstack/extentreports/view/html-report/author-view/author-view.ftl"
2020-08-12 16:58:27,452 DEBUG [main] cache:45 - Couldn't find template in cache for "exception-view/exception-view.ftl"("en", UTF-8, parsed); will try to load it.
2020-08-12 16:58:27,454 DEBUG [main] cache:45 - TemplateLoader.findTemplateSource("exception-view/exception-view_en.ftl"): Not found
2020-08-12 16:58:27,455 DEBUG [main] cache:45 - TemplateLoader.findTemplateSource("exception-view/exception-view.ftl"): Found
2020-08-12 16:58:27,457 DEBUG [main] cache:45 - Loading template for "exception-view/exception-view.ftl"("en", UTF-8, parsed) from "jar:file:/C:/Users/VDUDDUKU/.m2/repository/com/aventstack/extentreports/3.1.2/extentreports-3.1.2.jar!/com/aventstack/extentreports/view/html-report/exception-view/exception-view.ftl"
2020-08-12 16:58:27,465 DEBUG [main] cache:45 - Couldn't find template in cache for "dashboard-view/dashboard-view.ftl"("en", UTF-8, parsed); will try to load it.
2020-08-12 16:58:27,466 DEBUG [main] cache:45 - TemplateLoader.findTemplateSource("dashboard-view/dashboard-view_en.ftl"): Not found
2020-08-12 16:58:27,468 DEBUG [main] cache:45 - TemplateLoader.findTemplateSource("dashboard-view/dashboard-view.ftl"): Found
2020-08-12 16:58:27,470 DEBUG [main] cache:45 - Loading template for "dashboard-view/dashboard-view.ftl"("en", UTF-8, parsed) from "jar:file:/C:/Users/VDUDDUKU/.m2/repository/com/aventstack/extentreports/3.1.2/extentreports-3.1.2.jar!/com/aventstack/extentreports/view/html-report/dashboard-view/dashboard-view.ftl"
2020-08-12 16:58:27,477 DEBUG [main] cache:45 - Couldn't find template in cache for "logs-view/testrunner-logs-view.ftl"("en", UTF-8, parsed); will try to load it.
2020-08-12 16:58:27,478 DEBUG [main] cache:45 - TemplateLoader.findTemplateSource("logs-view/testrunner-logs-view_en.ftl"): Not found
2020-08-12 16:58:27,478 DEBUG [main] cache:45 - TemplateLoader.findTemplateSource("logs-view/testrunner-logs-view.ftl"): Found
2020-08-12 16:58:27,479 DEBUG [main] cache:45 - Loading template for "logs-view/testrunner-logs-view.ftl"("en", UTF-8, parsed) from "jar:file:/C:/Users/VDUDDUKU/.m2/repository/com/aventstack/extentreports/3.1.2/extentreports-3.1.2.jar!/com/aventstack/extentreports/view/html-report/logs-view/testrunner-logs-view.ftl"
2020-08-12 17:01:02,333  INFO [main] LoginPageStepDefinition:24 - ************************Initializing Browser and opening Regression Manager Login Page********************************
2020-08-12 17:01:12,606  INFO [main] LoginPageStepDefinition:32 - ************************Entering details in Regression Manager Login Page********************************
2020-08-12 17:01:12,881  INFO [main] LoginPageStepDefinition:40 - ************************Authenticates and user enter Regression Manager Home Page********************************
2020-08-12 17:02:01,022  INFO [main] LoginPageStepDefinition:51 - ************************Close the Browser********************************
2020-08-12 17:02:13,215  INFO [main] LoginPageStepDefinition:24 - ************************Initializing Browser and opening Regression Manager Login Page********************************
2020-08-12 17:02:20,339  INFO [main] LoginPageStepDefinition:32 - ************************Entering details in Regression Manager Login Page********************************
2020-08-12 17:02:20,558  INFO [main] LoginPageStepDefinition:40 - ************************Authenticates and user enter Regression Manager Home Page********************************
2020-08-12 17:03:11,491  INFO [main] LoginPageStepDefinition:51 - ************************Close the Browser********************************
2020-08-12 17:03:23,514  INFO [main] HomePageStepDefinition:23 - ************************Initializing Browser and opening Regression Manager Login Page********************************
2020-08-12 17:03:32,759  INFO [main] HomePageStepDefinition:31 - ************************Login into Regression Manager********************************
2020-08-12 17:04:21,176  INFO [main] HomePageStepDefinition:40 - ************************User selects Suites Manager********************************
2020-08-12 17:04:31,568  INFO [main] HomePageStepDefinition:53 - ************************Close the Browser********************************
2020-08-12 17:04:38,686  INFO [main] AddMRLToSuiteStepDefinition:25 - ************************Initializing Browser and opening Regression Manager Login Page********************************
2020-08-12 17:04:49,822  INFO [main] AddMRLToSuiteStepDefinition:33 - ************************Login into Regression Manager********************************
2020-08-12 17:04:49,823  INFO [main] AddMRLToSuiteStepDefinition:34 - ************************User selects Suites Manager********************************
2020-08-12 17:05:48,150  INFO [main] AddMRLToSuiteStepDefinition:43 - ************************User expand VINODDUDDUKURI right tree node********************************
2020-08-12 17:05:53,317  INFO [main] AddMRLToSuiteStepDefinition:51 - ************************User expand VINODDUDDUKURI left tree node********************************
2020-08-12 17:05:55,512  INFO [main] AddMRLToSuiteStepDefinition:59 - ************************User add pdf_embed mrl from VINODDUDDUKURI left tree node to testMRL suite in VINODDUDDUKURI right tree********************************
2020-08-12 17:06:04,529  INFO [main] AddMRLToSuiteStepDefinition:71 - ************************Close the Browser********************************
2020-08-12 17:06:20,742  INFO [main] RemoveMRLFromSuiteStepDefinition:30 - ************************Login into Regression Manager********************************
2020-08-12 17:06:20,742  INFO [main] RemoveMRLFromSuiteStepDefinition:31 - ************************User selects Suites Manager********************************
2020-08-12 17:06:20,743  INFO [main] RemoveMRLFromSuiteStepDefinition:32 - ************************Expand VINODDUDDUKURI right tree node********************************
2020-08-12 17:07:25,908  INFO [main] RemoveMRLFromSuiteStepDefinition:43 - ************************Expand testMrl suite under VINODDUDDUKURI right tree node********************************
2020-08-12 17:07:31,067  INFO [main] RemoveMRLFromSuiteStepDefinition:49 - ************************Remove pdf_embed mrl from testMrl suite available in VINODDUDDUKURI right tree ********************************
2020-08-12 17:07:36,500  INFO [main] RemoveMRLFromSuiteStepDefinition:61 - ************************Close the Browser********************************
2020-08-12 17:07:43,437 DEBUG [main] cache:45 - Couldn't find template in cache for "index.ftl"("en", UTF-8, parsed); will try to load it.
2020-08-12 17:07:43,439 DEBUG [main] cache:45 - TemplateLoader.findTemplateSource("index_en.ftl"): Not found
2020-08-12 17:07:43,442 DEBUG [main] cache:45 - TemplateLoader.findTemplateSource("index.ftl"): Found
2020-08-12 17:07:43,443 DEBUG [main] cache:45 - Loading template for "index.ftl"("en", UTF-8, parsed) from "jar:file:/C:/Users/VDUDDUKU/.m2/repository/com/aventstack/extentreports/3.1.2/extentreports-3.1.2.jar!/com/aventstack/extentreports/view/html-report/index.ftl"
2020-08-12 17:07:43,773 DEBUG [main] cache:45 - Couldn't find template in cache for "head.ftl"("en", UTF-8, parsed); will try to load it.
2020-08-12 17:07:43,774 DEBUG [main] cache:45 - TemplateLoader.findTemplateSource("head_en.ftl"): Not found
2020-08-12 17:07:43,775 DEBUG [main] cache:45 - TemplateLoader.findTemplateSource("head.ftl"): Found
2020-08-12 17:07:43,776 DEBUG [main] cache:45 - Loading template for "head.ftl"("en", UTF-8, parsed) from "jar:file:/C:/Users/VDUDDUKU/.m2/repository/com/aventstack/extentreports/3.1.2/extentreports-3.1.2.jar!/com/aventstack/extentreports/view/html-report/head.ftl"
2020-08-12 17:07:43,813 DEBUG [main] cache:45 - Couldn't find template in cache for "nav.ftl"("en", UTF-8, parsed); will try to load it.
2020-08-12 17:07:43,814 DEBUG [main] cache:45 - TemplateLoader.findTemplateSource("nav_en.ftl"): Not found
2020-08-12 17:07:43,815 DEBUG [main] cache:45 - TemplateLoader.findTemplateSource("nav.ftl"): Found
2020-08-12 17:07:43,815 DEBUG [main] cache:45 - Loading template for "nav.ftl"("en", UTF-8, parsed) from "jar:file:/C:/Users/VDUDDUKU/.m2/repository/com/aventstack/extentreports/3.1.2/extentreports-3.1.2.jar!/com/aventstack/extentreports/view/html-report/nav.ftl"
2020-08-12 17:07:43,830 DEBUG [main] cache:45 - Couldn't find template in cache for "test-view/test-view.ftl"("en", UTF-8, parsed); will try to load it.
2020-08-12 17:07:43,842 DEBUG [main] cache:45 - TemplateLoader.findTemplateSource("test-view/test-view_en.ftl"): Not found
2020-08-12 17:07:43,844 DEBUG [main] cache:45 - TemplateLoader.findTemplateSource("test-view/test-view.ftl"): Found
2020-08-12 17:07:43,846 DEBUG [main] cache:45 - Loading template for "test-view/test-view.ftl"("en", UTF-8, parsed) from "jar:file:/C:/Users/VDUDDUKU/.m2/repository/com/aventstack/extentreports/3.1.2/extentreports-3.1.2.jar!/com/aventstack/extentreports/view/html-report/test-view/test-view.ftl"
2020-08-12 17:07:43,866 DEBUG [main] cache:45 - Couldn't find template in cache for "test-view/test-view-charts.ftl"("en", UTF-8, parsed); will try to load it.
2020-08-12 17:07:43,867 DEBUG [main] cache:45 - TemplateLoader.findTemplateSource("test-view/test-view-charts_en.ftl"): Not found
2020-08-12 17:07:43,868 DEBUG [main] cache:45 - TemplateLoader.findTemplateSource("test-view/test-view-charts.ftl"): Found
2020-08-12 17:07:43,868 DEBUG [main] cache:45 - Loading template for "test-view/test-view-charts.ftl"("en", UTF-8, parsed) from "jar:file:/C:/Users/VDUDDUKU/.m2/repository/com/aventstack/extentreports/3.1.2/extentreports-3.1.2.jar!/com/aventstack/extentreports/view/html-report/test-view/test-view-charts.ftl"
2020-08-12 17:07:43,880 DEBUG [main] cache:45 - Couldn't find template in cache for "test-view/bdd.ftl"("en", UTF-8, parsed); will try to load it.
2020-08-12 17:07:43,881 DEBUG [main] cache:45 - TemplateLoader.findTemplateSource("test-view/bdd_en.ftl"): Not found
2020-08-12 17:07:43,883 DEBUG [main] cache:45 - TemplateLoader.findTemplateSource("test-view/bdd.ftl"): Found
2020-08-12 17:07:43,883 DEBUG [main] cache:45 - Loading template for "test-view/bdd.ftl"("en", UTF-8, parsed) from "jar:file:/C:/Users/VDUDDUKU/.m2/repository/com/aventstack/extentreports/3.1.2/extentreports-3.1.2.jar!/com/aventstack/extentreports/view/html-report/test-view/bdd.ftl"
2020-08-12 17:07:43,940 DEBUG [main] cache:45 - "test-view/bdd.ftl"("en", UTF-8, parsed) cached copy not yet stale; using cached.
2020-08-12 17:07:43,950 DEBUG [main] cache:45 - Couldn't find template in cache for "category-view/category-view.ftl"("en", UTF-8, parsed); will try to load it.
2020-08-12 17:07:43,951 DEBUG [main] cache:45 - TemplateLoader.findTemplateSource("category-view/category-view_en.ftl"): Not found
2020-08-12 17:07:43,952 DEBUG [main] cache:45 - TemplateLoader.findTemplateSource("category-view/category-view.ftl"): Found
2020-08-12 17:07:43,952 DEBUG [main] cache:45 - Loading template for "category-view/category-view.ftl"("en", UTF-8, parsed) from "jar:file:/C:/Users/VDUDDUKU/.m2/repository/com/aventstack/extentreports/3.1.2/extentreports-3.1.2.jar!/com/aventstack/extentreports/view/html-report/category-view/category-view.ftl"
2020-08-12 17:07:43,962 DEBUG [main] cache:45 - Couldn't find template in cache for "author-view/author-view.ftl"("en", UTF-8, parsed); will try to load it.
2020-08-12 17:07:43,963 DEBUG [main] cache:45 - TemplateLoader.findTemplateSource("author-view/author-view_en.ftl"): Not found
2020-08-12 17:07:43,964 DEBUG [main] cache:45 - TemplateLoader.findTemplateSource("author-view/author-view.ftl"): Found
2020-08-12 17:07:43,964 DEBUG [main] cache:45 - Loading template for "author-view/author-view.ftl"("en", UTF-8, parsed) from "jar:file:/C:/Users/VDUDDUKU/.m2/repository/com/aventstack/extentreports/3.1.2/extentreports-3.1.2.jar!/com/aventstack/extentreports/view/html-report/author-view/author-view.ftl"
2020-08-12 17:07:43,971 DEBUG [main] cache:45 - Couldn't find template in cache for "exception-view/exception-view.ftl"("en", UTF-8, parsed); will try to load it.
2020-08-12 17:07:43,976 DEBUG [main] cache:45 - TemplateLoader.findTemplateSource("exception-view/exception-view_en.ftl"): Not found
2020-08-12 17:07:43,978 DEBUG [main] cache:45 - TemplateLoader.findTemplateSource("exception-view/exception-view.ftl"): Found
2020-08-12 17:07:43,978 DEBUG [main] cache:45 - Loading template for "exception-view/exception-view.ftl"("en", UTF-8, parsed) from "jar:file:/C:/Users/VDUDDUKU/.m2/repository/com/aventstack/extentreports/3.1.2/extentreports-3.1.2.jar!/com/aventstack/extentreports/view/html-report/exception-view/exception-view.ftl"
2020-08-12 17:07:44,006 DEBUG [main] cache:45 - Couldn't find template in cache for "dashboard-view/dashboard-view.ftl"("en", UTF-8, parsed); will try to load it.
2020-08-12 17:07:44,007 DEBUG [main] cache:45 - TemplateLoader.findTemplateSource("dashboard-view/dashboard-view_en.ftl"): Not found
2020-08-12 17:07:44,008 DEBUG [main] cache:45 - TemplateLoader.findTemplateSource("dashboard-view/dashboard-view.ftl"): Found
2020-08-12 17:07:44,009 DEBUG [main] cache:45 - Loading template for "dashboard-view/dashboard-view.ftl"("en", UTF-8, parsed) from "jar:file:/C:/Users/VDUDDUKU/.m2/repository/com/aventstack/extentreports/3.1.2/extentreports-3.1.2.jar!/com/aventstack/extentreports/view/html-report/dashboard-view/dashboard-view.ftl"
2020-08-12 17:07:44,026 DEBUG [main] cache:45 - Couldn't find template in cache for "logs-view/testrunner-logs-view.ftl"("en", UTF-8, parsed); will try to load it.
2020-08-12 17:07:44,027 DEBUG [main] cache:45 - TemplateLoader.findTemplateSource("logs-view/testrunner-logs-view_en.ftl"): Not found
2020-08-12 17:07:44,028 DEBUG [main] cache:45 - TemplateLoader.findTemplateSource("logs-view/testrunner-logs-view.ftl"): Found
2020-08-12 17:07:44,029 DEBUG [main] cache:45 - Loading template for "logs-view/testrunner-logs-view.ftl"("en", UTF-8, parsed) from "jar:file:/C:/Users/VDUDDUKU/.m2/repository/com/aventstack/extentreports/3.1.2/extentreports-3.1.2.jar!/com/aventstack/extentreports/view/html-report/logs-view/testrunner-logs-view.ftl"
2020-08-12 17:11:46,799  INFO [main] LoginPageStepDefinition:24 - ************************Initializing Browser and opening Regression Manager Login Page********************************
2020-08-12 17:11:57,771  INFO [main] LoginPageStepDefinition:32 - ************************Entering details in Regression Manager Login Page********************************
2020-08-12 17:11:57,998  INFO [main] LoginPageStepDefinition:40 - ************************Authenticates and user enter Regression Manager Home Page********************************
2020-08-12 17:12:45,167  INFO [main] LoginPageStepDefinition:51 - ************************Close the Browser********************************
2020-08-12 17:12:57,399  INFO [main] LoginPageStepDefinition:24 - ************************Initializing Browser and opening Regression Manager Login Page********************************
2020-08-12 17:13:04,550  INFO [main] LoginPageStepDefinition:32 - ************************Entering details in Regression Manager Login Page********************************
2020-08-12 17:13:04,835  INFO [main] LoginPageStepDefinition:40 - ************************Authenticates and user enter Regression Manager Home Page********************************
2020-08-12 17:13:57,159  INFO [main] LoginPageStepDefinition:51 - ************************Close the Browser********************************
2020-08-12 17:14:09,407  INFO [main] HomePageStepDefinition:23 - ************************Initializing Browser and opening Regression Manager Login Page********************************
2020-08-12 17:14:17,711  INFO [main] HomePageStepDefinition:31 - ************************Login into Regression Manager********************************
2020-08-12 17:15:11,531  INFO [main] HomePageStepDefinition:40 - ************************User selects Suites Manager********************************
2020-08-12 17:15:21,956  INFO [main] HomePageStepDefinition:53 - ************************Close the Browser********************************
2020-08-12 17:15:29,486  INFO [main] AddMRLToSuiteStepDefinition:25 - ************************Initializing Browser and opening Regression Manager Login Page********************************
2020-08-12 17:15:36,814  INFO [main] AddMRLToSuiteStepDefinition:33 - ************************Login into Regression Manager********************************
2020-08-12 17:15:36,814  INFO [main] AddMRLToSuiteStepDefinition:34 - ************************User selects Suites Manager********************************
2020-08-12 17:16:35,085  INFO [main] AddMRLToSuiteStepDefinition:43 - ************************User expand VINODDUDDUKURI right tree node********************************
2020-08-12 17:16:40,278  INFO [main] AddMRLToSuiteStepDefinition:51 - ************************User expand VINODDUDDUKURI left tree node********************************
2020-08-12 17:16:42,489  INFO [main] AddMRLToSuiteStepDefinition:59 - ************************User add pdf_embed mrl from VINODDUDDUKURI left tree node to testMRL suite in VINODDUDDUKURI right tree********************************
2020-08-12 17:16:51,578  INFO [main] AddMRLToSuiteStepDefinition:71 - ************************Close the Browser********************************
2020-08-12 17:17:05,703  INFO [main] RemoveMRLFromSuiteStepDefinition:30 - ************************Login into Regression Manager********************************
2020-08-12 17:17:05,704  INFO [main] RemoveMRLFromSuiteStepDefinition:31 - ************************User selects Suites Manager********************************
2020-08-12 17:17:05,705  INFO [main] RemoveMRLFromSuiteStepDefinition:32 - ************************Expand VINODDUDDUKURI right tree node********************************
2020-08-12 17:18:09,735  INFO [main] RemoveMRLFromSuiteStepDefinition:43 - ************************Expand testMrl suite under VINODDUDDUKURI right tree node********************************
2020-08-12 17:18:14,890  INFO [main] RemoveMRLFromSuiteStepDefinition:49 - ************************Remove pdf_embed mrl from testMrl suite available in VINODDUDDUKURI right tree ********************************
2020-08-12 17:18:20,309  INFO [main] RemoveMRLFromSuiteStepDefinition:61 - ************************Close the Browser********************************
2020-08-12 17:24:35,679  INFO [main] LoginPageStepDefinition:24 - ************************Initializing Browser and opening Regression Manager Login Page********************************
2020-08-12 17:24:46,191  INFO [main] LoginPageStepDefinition:32 - ************************Entering details in Regression Manager Login Page********************************
2020-08-12 17:24:46,477  INFO [main] LoginPageStepDefinition:40 - ************************Authenticates and user enter Regression Manager Home Page********************************
2020-08-12 17:25:33,880  INFO [main] LoginPageStepDefinition:51 - ************************Close the Browser********************************
2020-08-12 17:25:45,825  INFO [main] LoginPageStepDefinition:24 - ************************Initializing Browser and opening Regression Manager Login Page********************************
2020-08-12 17:25:52,885  INFO [main] LoginPageStepDefinition:32 - ************************Entering details in Regression Manager Login Page********************************
2020-08-12 17:25:53,073  INFO [main] LoginPageStepDefinition:40 - ************************Authenticates and user enter Regression Manager Home Page********************************
2020-08-12 17:26:41,053  INFO [main] LoginPageStepDefinition:51 - ************************Close the Browser********************************
2020-08-12 17:26:52,895  INFO [main] HomePageStepDefinition:23 - ************************Initializing Browser and opening Regression Manager Login Page********************************
2020-08-12 17:26:59,863  INFO [main] HomePageStepDefinition:31 - ************************Login into Regression Manager********************************
2020-08-12 17:27:47,699  INFO [main] HomePageStepDefinition:40 - ************************User selects Suites Manager********************************
2020-08-12 17:27:58,220  INFO [main] HomePageStepDefinition:53 - ************************Close the Browser********************************
2020-08-12 17:28:05,325  INFO [main] AddMRLToSuiteStepDefinition:25 - ************************Initializing Browser and opening Regression Manager Login Page********************************
2020-08-12 17:28:12,387  INFO [main] AddMRLToSuiteStepDefinition:33 - ************************Login into Regression Manager********************************
2020-08-12 17:28:12,387  INFO [main] AddMRLToSuiteStepDefinition:34 - ************************User selects Suites Manager********************************
2020-08-12 17:29:15,452  INFO [main] AddMRLToSuiteStepDefinition:43 - ************************User expand VINODDUDDUKURI right tree node********************************
2020-08-12 17:29:20,640  INFO [main] AddMRLToSuiteStepDefinition:51 - ************************User expand VINODDUDDUKURI left tree node********************************
2020-08-12 17:29:22,801  INFO [main] AddMRLToSuiteStepDefinition:59 - ************************User add pdf_embed mrl from VINODDUDDUKURI left tree node to testMRL suite in VINODDUDDUKURI right tree********************************
2020-08-12 17:29:31,833  INFO [main] AddMRLToSuiteStepDefinition:71 - ************************Close the Browser********************************
2020-08-12 17:29:46,233  INFO [main] RemoveMRLFromSuiteStepDefinition:30 - ************************Login into Regression Manager********************************
2020-08-12 17:29:46,233  INFO [main] RemoveMRLFromSuiteStepDefinition:31 - ************************User selects Suites Manager********************************
2020-08-12 17:29:46,234  INFO [main] RemoveMRLFromSuiteStepDefinition:32 - ************************Expand VINODDUDDUKURI right tree node********************************
2020-08-12 17:30:51,833  INFO [main] RemoveMRLFromSuiteStepDefinition:43 - ************************Expand testMrl suite under VINODDUDDUKURI right tree node********************************
2020-08-12 17:30:57,010  INFO [main] RemoveMRLFromSuiteStepDefinition:49 - ************************Remove pdf_embed mrl from testMrl suite available in VINODDUDDUKURI right tree ********************************
2020-08-12 17:31:02,406  INFO [main] RemoveMRLFromSuiteStepDefinition:61 - ************************Close the Browser********************************
